app/build/intermediates/manifest_merge_blame_file/debug/manifest-merger-blame-debug-report.txt
1<?xml version="1.0" encoding="utf-8"?>
2<manifest xmlns:android="http://schemas.android.com/apk/res/android"
3    package="com.example.wetok"
4    android:versionCode="1"
5    android:versionName="1.0" >
6
7    <uses-sdk
8        android:minSdkVersion="21"
8-->src\main\AndroidManifest.xml
9        android:targetSdkVersion="31" />
9-->src\main\AndroidManifest.xml
10
11    <uses-permission android:name="android.permission.ACCESS_NETWORK_STATE" />
11-->[com.firebaseui:firebase-ui-auth:7.2.0] AndroidManifest.xml:12:5-79
11-->[com.firebaseui:firebase-ui-auth:7.2.0] AndroidManifest.xml:12:22-76
12    <uses-permission android:name="android.permission.INTERNET" />
12-->[com.firebaseui:firebase-ui-auth:7.2.0] AndroidManifest.xml:13:5-67
12-->[com.firebaseui:firebase-ui-auth:7.2.0] AndroidManifest.xml:13:22-64
13    <uses-permission android:name="android.permission.ACCESS_FINE_LOCATION" />
13-->[com.google.android.libraries.places:places:2.4.0] AndroidManifest.xml:9:5-79
13-->[com.google.android.libraries.places:places:2.4.0] AndroidManifest.xml:9:22-76
14    <uses-permission android:name="android.permission.ACCESS_WIFI_STATE" />
14-->[com.google.android.libraries.places:places:2.4.0] AndroidManifest.xml:10:5-76
14-->[com.google.android.libraries.places:places:2.4.0] AndroidManifest.xml:10:22-73
15    <uses-permission android:name="android.permission.WAKE_LOCK" />
15-->[com.google.android.gms:play-services-measurement-api:19.0.1] AndroidManifest.xml:24:5-68
15-->[com.google.android.gms:play-services-measurement-api:19.0.1] AndroidManifest.xml:24:22-65
16
17    <uses-feature
17-->[com.google.android.gms:play-services-maps:17.0.0] AndroidManifest.xml:26:5-28:35
18        android:glEsVersion="0x00020000"
18-->[com.google.android.gms:play-services-maps:17.0.0] AndroidManifest.xml:27:9-41
19        android:required="true" />
19-->[com.google.android.gms:play-services-maps:17.0.0] AndroidManifest.xml:28:9-32
20
21    <uses-permission android:name="com.google.android.finsky.permission.BIND_GET_INSTALL_REFERRER_SERVICE" />
21-->[com.google.android.gms:play-services-measurement:19.0.1] AndroidManifest.xml:26:5-110
21-->[com.google.android.gms:play-services-measurement:19.0.1] AndroidManifest.xml:26:22-107
22
23    <application
23-->src\main\AndroidManifest.xml:5:5-57:19
24        android:allowBackup="true"
24-->src\main\AndroidManifest.xml:6:9-35
25        android:appComponentFactory="androidx.core.app.CoreComponentFactory"
25-->[androidx.core:core:1.6.0] AndroidManifest.xml:24:18-86
26        android:debuggable="true"
27        android:icon="@mipmap/ic_launcher"
27-->src\main\AndroidManifest.xml:7:9-43
28        android:label="@string/app_name"
28-->src\main\AndroidManifest.xml:8:9-41
29        android:roundIcon="@mipmap/ic_launcher_round"
29-->src\main\AndroidManifest.xml:9:9-54
30        android:supportsRtl="true"
30-->src\main\AndroidManifest.xml:10:9-35
31        android:testOnly="true"
32        android:theme="@style/Theme.WeTok" >
32-->src\main\AndroidManifest.xml:11:9-43
33        <activity
33-->src\main\AndroidManifest.xml:12:9-14:39
34            android:name="com.example.wetok.view.RegisterNextActivity"
34-->src\main\AndroidManifest.xml:13:13-54
35            android:exported="true" />
35-->src\main\AndroidManifest.xml:14:13-36
36        <activity
36-->src\main\AndroidManifest.xml:15:9-17:39
37            android:name="com.example.wetok.view.RegisterActivity"
37-->src\main\AndroidManifest.xml:16:13-50
38            android:exported="true" />
38-->src\main\AndroidManifest.xml:17:13-36
39        <activity
39-->src\main\AndroidManifest.xml:18:9-22:20
40            android:name="com.example.wetok.view.MainActivity"
40-->src\main\AndroidManifest.xml:19:13-46
41            android:exported="true" >
41-->src\main\AndroidManifest.xml:20:13-36
42        </activity>
43        <activity
43-->src\main\AndroidManifest.xml:24:9-32:20
44            android:name="com.example.wetok.view.LoginActivity"
44-->src\main\AndroidManifest.xml:25:13-47
45            android:exported="true" >
45-->src\main\AndroidManifest.xml:26:13-36
46            <intent-filter>
46-->src\main\AndroidManifest.xml:27:13-30:29
47                <action android:name="android.intent.action.MAIN" />
47-->src\main\AndroidManifest.xml:28:17-69
47-->src\main\AndroidManifest.xml:28:25-66
48
49                <category android:name="android.intent.category.LAUNCHER" />
49-->src\main\AndroidManifest.xml:29:17-77
49-->src\main\AndroidManifest.xml:29:27-74
50            </intent-filter>
51        </activity>
52        <activity
52-->src\main\AndroidManifest.xml:34:9-38:20
53            android:name="com.example.wetok.view.UserListActivity"
53-->src\main\AndroidManifest.xml:35:13-50
54            android:exported="true" >
54-->src\main\AndroidManifest.xml:36:13-36
55        </activity>
56        <activity
56-->src\main\AndroidManifest.xml:40:9-44:20
57            android:name="com.example.wetok.view.SendPostActivity"
57-->src\main\AndroidManifest.xml:41:13-50
58            android:exported="true" >
58-->src\main\AndroidManifest.xml:42:13-36
59        </activity>
60        <activity
60-->src\main\AndroidManifest.xml:46:9-50:20
61            android:name="com.example.wetok.view.SearchActivity"
61-->src\main\AndroidManifest.xml:47:13-48
62            android:exported="true" >
62-->src\main\AndroidManifest.xml:48:13-36
63        </activity>
64        <activity
64-->src\main\AndroidManifest.xml:52:9-56:20
65            android:name="com.example.wetok.view.ProfileActivity"
65-->src\main\AndroidManifest.xml:53:13-49
66            android:exported="true" >
66-->src\main\AndroidManifest.xml:54:13-36
67        </activity>
68
69        <meta-data
69-->[com.firebaseui:firebase-ui-auth:7.2.0] AndroidManifest.xml:16:9-18:69
70            android:name="com.google.android.gms.version"
70-->[com.firebaseui:firebase-ui-auth:7.2.0] AndroidManifest.xml:17:13-58
71            android:value="@integer/google_play_services_version" />
71-->[com.firebaseui:firebase-ui-auth:7.2.0] AndroidManifest.xml:18:13-66
72        <meta-data
72-->[com.firebaseui:firebase-ui-auth:7.2.0] AndroidManifest.xml:19:9-21:63
73            android:name="com.facebook.sdk.ApplicationId"
73-->[com.firebaseui:firebase-ui-auth:7.2.0] AndroidManifest.xml:20:13-58
74            android:value="@string/facebook_application_id" />
74-->[com.firebaseui:firebase-ui-auth:7.2.0] AndroidManifest.xml:21:13-60
75
76        <activity
76-->[com.firebaseui:firebase-ui-auth:7.2.0] AndroidManifest.xml:23:9-27:61
77            android:name="com.firebase.ui.auth.KickoffActivity"
77-->[com.firebaseui:firebase-ui-auth:7.2.0] AndroidManifest.xml:24:13-64
78            android:exported="false"
78-->[com.firebaseui:firebase-ui-auth:7.2.0] AndroidManifest.xml:25:13-37
79            android:label=""
79-->[com.firebaseui:firebase-ui-auth:7.2.0] AndroidManifest.xml:26:13-29
80            android:theme="@style/FirebaseUI.Transparent" />
80-->[com.firebaseui:firebase-ui-auth:7.2.0] AndroidManifest.xml:27:13-58
81        <activity
81-->[com.firebaseui:firebase-ui-auth:7.2.0] AndroidManifest.xml:28:9-32:61
82            android:name="com.firebase.ui.auth.ui.idp.SingleSignInActivity"
82-->[com.firebaseui:firebase-ui-auth:7.2.0] AndroidManifest.xml:29:13-76
83            android:exported="false"
83-->[com.firebaseui:firebase-ui-auth:7.2.0] AndroidManifest.xml:30:13-37
84            android:label=""
84-->[com.firebaseui:firebase-ui-auth:7.2.0] AndroidManifest.xml:31:13-29
85            android:theme="@style/FirebaseUI.Transparent" />
85-->[com.firebaseui:firebase-ui-auth:7.2.0] AndroidManifest.xml:32:13-58
86        <activity
86-->[com.firebaseui:firebase-ui-auth:7.2.0] AndroidManifest.xml:33:9-37:61
87            android:name="com.firebase.ui.auth.ui.credentials.CredentialSaveActivity"
87-->[com.firebaseui:firebase-ui-auth:7.2.0] AndroidManifest.xml:34:13-86
88            android:exported="false"
88-->[com.firebaseui:firebase-ui-auth:7.2.0] AndroidManifest.xml:35:13-37
89            android:label=""
89-->[com.firebaseui:firebase-ui-auth:7.2.0] AndroidManifest.xml:36:13-29
90            android:theme="@style/FirebaseUI.Transparent" />
90-->[com.firebaseui:firebase-ui-auth:7.2.0] AndroidManifest.xml:37:13-58
91        <activity
91-->[com.firebaseui:firebase-ui-auth:7.2.0] AndroidManifest.xml:38:9-42:58
92            android:name="com.firebase.ui.auth.ui.email.RecoverPasswordActivity"
92-->[com.firebaseui:firebase-ui-auth:7.2.0] AndroidManifest.xml:39:13-81
93            android:exported="false"
93-->[com.firebaseui:firebase-ui-auth:7.2.0] AndroidManifest.xml:40:13-37
94            android:label="@string/fui_title_recover_password_activity"
94-->[com.firebaseui:firebase-ui-auth:7.2.0] AndroidManifest.xml:41:13-72
95            android:windowSoftInputMode="adjustResize" />
95-->[com.firebaseui:firebase-ui-auth:7.2.0] AndroidManifest.xml:42:13-55
96        <activity
96-->[com.firebaseui:firebase-ui-auth:7.2.0] AndroidManifest.xml:43:9-47:58
97            android:name="com.firebase.ui.auth.ui.email.EmailActivity"
97-->[com.firebaseui:firebase-ui-auth:7.2.0] AndroidManifest.xml:44:13-71
98            android:exported="false"
98-->[com.firebaseui:firebase-ui-auth:7.2.0] AndroidManifest.xml:45:13-37
99            android:label="@string/fui_sign_in_default"
99-->[com.firebaseui:firebase-ui-auth:7.2.0] AndroidManifest.xml:46:13-56
100            android:windowSoftInputMode="adjustResize" />
100-->[com.firebaseui:firebase-ui-auth:7.2.0] AndroidManifest.xml:47:13-55
101        <activity
101-->[com.firebaseui:firebase-ui-auth:7.2.0] AndroidManifest.xml:48:9-52:77
102            android:name="com.firebase.ui.auth.ui.phone.PhoneActivity"
102-->[com.firebaseui:firebase-ui-auth:7.2.0] AndroidManifest.xml:49:13-71
103            android:exported="false"
103-->[com.firebaseui:firebase-ui-auth:7.2.0] AndroidManifest.xml:50:13-37
104            android:label="@string/fui_sign_in_with_phone_number"
104-->[com.firebaseui:firebase-ui-auth:7.2.0] AndroidManifest.xml:51:13-66
105            android:windowSoftInputMode="adjustResize|stateAlwaysVisible" />
105-->[com.firebaseui:firebase-ui-auth:7.2.0] AndroidManifest.xml:52:13-74
106        <activity
106-->[com.firebaseui:firebase-ui-auth:7.2.0] AndroidManifest.xml:53:9-57:58
107            android:name="com.firebase.ui.auth.ui.idp.WelcomeBackIdpPrompt"
107-->[com.firebaseui:firebase-ui-auth:7.2.0] AndroidManifest.xml:54:13-76
108            android:exported="false"
108-->[com.firebaseui:firebase-ui-auth:7.2.0] AndroidManifest.xml:55:13-37
109            android:label="@string/fui_title_welcome_back_idp_prompt"
109-->[com.firebaseui:firebase-ui-auth:7.2.0] AndroidManifest.xml:56:13-70
110            android:windowSoftInputMode="adjustResize" />
110-->[com.firebaseui:firebase-ui-auth:7.2.0] AndroidManifest.xml:57:13-55
111        <activity
111-->[com.firebaseui:firebase-ui-auth:7.2.0] AndroidManifest.xml:58:9-62:58
112            android:name="com.firebase.ui.auth.ui.email.WelcomeBackPasswordPrompt"
112-->[com.firebaseui:firebase-ui-auth:7.2.0] AndroidManifest.xml:59:13-83
113            android:exported="false"
113-->[com.firebaseui:firebase-ui-auth:7.2.0] AndroidManifest.xml:60:13-37
114            android:label="@string/fui_title_welcome_back_password_prompt"
114-->[com.firebaseui:firebase-ui-auth:7.2.0] AndroidManifest.xml:61:13-75
115            android:windowSoftInputMode="adjustResize" />
115-->[com.firebaseui:firebase-ui-auth:7.2.0] AndroidManifest.xml:62:13-55
116        <activity
116-->[com.firebaseui:firebase-ui-auth:7.2.0] AndroidManifest.xml:63:9-67:58
117            android:name="com.firebase.ui.auth.ui.email.WelcomeBackEmailLinkPrompt"
117-->[com.firebaseui:firebase-ui-auth:7.2.0] AndroidManifest.xml:64:13-84
118            android:exported="false"
118-->[com.firebaseui:firebase-ui-auth:7.2.0] AndroidManifest.xml:65:13-37
119            android:label="@string/fui_title_welcome_back_password_prompt"
119-->[com.firebaseui:firebase-ui-auth:7.2.0] AndroidManifest.xml:66:13-75
120            android:windowSoftInputMode="adjustResize" />
120-->[com.firebaseui:firebase-ui-auth:7.2.0] AndroidManifest.xml:67:13-55
121        <activity
121-->[com.firebaseui:firebase-ui-auth:7.2.0] AndroidManifest.xml:68:9-73:58
122            android:name="com.firebase.ui.auth.ui.email.EmailLinkCatcherActivity"
122-->[com.firebaseui:firebase-ui-auth:7.2.0] AndroidManifest.xml:69:13-82
123            android:exported="false"
123-->[com.firebaseui:firebase-ui-auth:7.2.0] AndroidManifest.xml:70:13-37
124            android:label=""
124-->[com.firebaseui:firebase-ui-auth:7.2.0] AndroidManifest.xml:71:13-29
125            android:theme="@style/FirebaseUI.Transparent"
125-->[com.firebaseui:firebase-ui-auth:7.2.0] AndroidManifest.xml:72:13-58
126            android:windowSoftInputMode="adjustResize" />
126-->[com.firebaseui:firebase-ui-auth:7.2.0] AndroidManifest.xml:73:13-55
127        <activity
127-->[com.firebaseui:firebase-ui-auth:7.2.0] AndroidManifest.xml:74:9-78:58
128            android:name="com.firebase.ui.auth.ui.email.EmailLinkErrorRecoveryActivity"
128-->[com.firebaseui:firebase-ui-auth:7.2.0] AndroidManifest.xml:75:13-88
129            android:exported="false"
129-->[com.firebaseui:firebase-ui-auth:7.2.0] AndroidManifest.xml:76:13-37
130            android:label="@string/fui_sign_in_default"
130-->[com.firebaseui:firebase-ui-auth:7.2.0] AndroidManifest.xml:77:13-56
131            android:windowSoftInputMode="adjustResize" />
131-->[com.firebaseui:firebase-ui-auth:7.2.0] AndroidManifest.xml:78:13-55
132        <activity
132-->[com.firebaseui:firebase-ui-auth:7.2.0] AndroidManifest.xml:79:9-82:65
133            android:name="com.firebase.ui.auth.ui.idp.AuthMethodPickerActivity"
133-->[com.firebaseui:firebase-ui-auth:7.2.0] AndroidManifest.xml:80:13-80
134            android:exported="false"
134-->[com.firebaseui:firebase-ui-auth:7.2.0] AndroidManifest.xml:81:13-37
135            android:label="@string/fui_default_toolbar_title" />
135-->[com.firebaseui:firebase-ui-auth:7.2.0] AndroidManifest.xml:82:13-62
136        <activity
136-->[com.firebaseui:firebase-ui-auth:7.2.0] AndroidManifest.xml:83:9-87:48
137            android:name="com.facebook.FacebookActivity"
137-->[com.firebaseui:firebase-ui-auth:7.2.0] AndroidManifest.xml:84:13-57
138            android:configChanges="keyboard|keyboardHidden|screenLayout|screenSize|orientation"
138-->[com.firebaseui:firebase-ui-auth:7.2.0] AndroidManifest.xml:85:13-96
139            android:label="@string/app_name" />
139-->[com.firebaseui:firebase-ui-auth:7.2.0] AndroidManifest.xml:86:13-45
140        <activity
140-->[com.firebaseui:firebase-ui-auth:7.2.0] AndroidManifest.xml:88:9-100:20
141            android:name="com.facebook.CustomTabActivity"
141-->[com.firebaseui:firebase-ui-auth:7.2.0] AndroidManifest.xml:89:13-58
142            android:exported="true" >
142-->[com.firebaseui:firebase-ui-auth:7.2.0] AndroidManifest.xml:90:13-36
143            <intent-filter>
143-->[com.firebaseui:firebase-ui-auth:7.2.0] AndroidManifest.xml:92:13-99:29
144                <action android:name="android.intent.action.VIEW" />
144-->[com.firebaseui:firebase-ui-auth:7.2.0] AndroidManifest.xml:93:17-69
144-->[com.firebaseui:firebase-ui-auth:7.2.0] AndroidManifest.xml:93:25-66
145
146                <category android:name="android.intent.category.DEFAULT" />
146-->[com.firebaseui:firebase-ui-auth:7.2.0] AndroidManifest.xml:95:17-76
146-->[com.firebaseui:firebase-ui-auth:7.2.0] AndroidManifest.xml:95:27-73
147                <category android:name="android.intent.category.BROWSABLE" />
147-->[com.firebaseui:firebase-ui-auth:7.2.0] AndroidManifest.xml:96:17-78
147-->[com.firebaseui:firebase-ui-auth:7.2.0] AndroidManifest.xml:96:27-75
148
149                <data android:scheme="@string/facebook_login_protocol_scheme" />
149-->[com.firebaseui:firebase-ui-auth:7.2.0] AndroidManifest.xml:98:17-81
149-->[com.firebaseui:firebase-ui-auth:7.2.0] AndroidManifest.xml:98:23-78
150            </intent-filter>
151        </activity>
152
153        <provider
153-->[com.firebaseui:firebase-ui-auth:7.2.0] AndroidManifest.xml:102:9-106:38
154            android:name="com.firebase.ui.auth.data.client.AuthUiInitProvider"
154-->[com.firebaseui:firebase-ui-auth:7.2.0] AndroidManifest.xml:103:13-79
155            android:authorities="com.example.wetok.authuiinitprovider"
155-->[com.firebaseui:firebase-ui-auth:7.2.0] AndroidManifest.xml:104:13-70
156            android:exported="false"
156-->[com.firebaseui:firebase-ui-auth:7.2.0] AndroidManifest.xml:105:13-37
157            android:initOrder="90" />
157-->[com.firebaseui:firebase-ui-auth:7.2.0] AndroidManifest.xml:106:13-35
158
159        <activity
159-->[com.google.android.libraries.places:places:2.4.0] AndroidManifest.xml:14:9-20:20
160            android:name="com.google.android.libraries.places.widget.AutocompleteActivity"
160-->[com.google.android.libraries.places:places:2.4.0] AndroidManifest.xml:15:13-91
161            android:exported="false"
161-->[com.google.android.libraries.places:places:2.4.0] AndroidManifest.xml:16:13-37
162            android:label="@string/places_autocomplete_label"
162-->[com.google.android.libraries.places:places:2.4.0] AndroidManifest.xml:17:13-62
163            android:theme="@style/PlacesAutocompleteOverlay"
163-->[com.google.android.libraries.places:places:2.4.0] AndroidManifest.xml:18:13-61
164            android:windowSoftInputMode="adjustResize" >
164-->[com.google.android.libraries.places:places:2.4.0] AndroidManifest.xml:19:13-55
165        </activity>
166        <activity
166-->[com.google.firebase:firebase-auth:21.0.1] AndroidManifest.xml:27:9-44:20
167            android:name="com.google.firebase.auth.internal.GenericIdpActivity"
167-->[com.google.firebase:firebase-auth:21.0.1] AndroidManifest.xml:28:13-80
168            android:excludeFromRecents="true"
168-->[com.google.firebase:firebase-auth:21.0.1] AndroidManifest.xml:29:13-46
169            android:exported="true"
169-->[com.google.firebase:firebase-auth:21.0.1] AndroidManifest.xml:30:13-36
170            android:launchMode="singleTask"
170-->[com.google.firebase:firebase-auth:21.0.1] AndroidManifest.xml:31:13-44
171            android:theme="@android:style/Theme.Translucent.NoTitleBar" >
171-->[com.google.firebase:firebase-auth:21.0.1] AndroidManifest.xml:32:13-72
172            <intent-filter>
172-->[com.google.firebase:firebase-auth:21.0.1] AndroidManifest.xml:33:13-43:29
173                <action android:name="android.intent.action.VIEW" />
173-->[com.firebaseui:firebase-ui-auth:7.2.0] AndroidManifest.xml:93:17-69
173-->[com.firebaseui:firebase-ui-auth:7.2.0] AndroidManifest.xml:93:25-66
174
175                <category android:name="android.intent.category.DEFAULT" />
175-->[com.firebaseui:firebase-ui-auth:7.2.0] AndroidManifest.xml:95:17-76
175-->[com.firebaseui:firebase-ui-auth:7.2.0] AndroidManifest.xml:95:27-73
176                <category android:name="android.intent.category.BROWSABLE" />
176-->[com.firebaseui:firebase-ui-auth:7.2.0] AndroidManifest.xml:96:17-78
176-->[com.firebaseui:firebase-ui-auth:7.2.0] AndroidManifest.xml:96:27-75
177
178                <data
178-->[com.firebaseui:firebase-ui-auth:7.2.0] AndroidManifest.xml:98:17-81
179                    android:host="firebase.auth"
180                    android:path="/"
181                    android:scheme="genericidp" />
181-->[com.firebaseui:firebase-ui-auth:7.2.0] AndroidManifest.xml:98:23-78
182            </intent-filter>
183        </activity>
184        <activity
184-->[com.google.firebase:firebase-auth:21.0.1] AndroidManifest.xml:45:9-62:20
185            android:name="com.google.firebase.auth.internal.RecaptchaActivity"
185-->[com.google.firebase:firebase-auth:21.0.1] AndroidManifest.xml:46:13-79
186            android:excludeFromRecents="true"
186-->[com.google.firebase:firebase-auth:21.0.1] AndroidManifest.xml:47:13-46
187            android:exported="true"
187-->[com.google.firebase:firebase-auth:21.0.1] AndroidManifest.xml:48:13-36
188            android:launchMode="singleTask"
188-->[com.google.firebase:firebase-auth:21.0.1] AndroidManifest.xml:49:13-44
189            android:theme="@android:style/Theme.Translucent.NoTitleBar" >
189-->[com.google.firebase:firebase-auth:21.0.1] AndroidManifest.xml:50:13-72
190            <intent-filter>
190-->[com.google.firebase:firebase-auth:21.0.1] AndroidManifest.xml:51:13-61:29
191                <action android:name="android.intent.action.VIEW" />
191-->[com.firebaseui:firebase-ui-auth:7.2.0] AndroidManifest.xml:93:17-69
191-->[com.firebaseui:firebase-ui-auth:7.2.0] AndroidManifest.xml:93:25-66
192
193                <category android:name="android.intent.category.DEFAULT" />
193-->[com.firebaseui:firebase-ui-auth:7.2.0] AndroidManifest.xml:95:17-76
193-->[com.firebaseui:firebase-ui-auth:7.2.0] AndroidManifest.xml:95:27-73
194                <category android:name="android.intent.category.BROWSABLE" />
194-->[com.firebaseui:firebase-ui-auth:7.2.0] AndroidManifest.xml:96:17-78
194-->[com.firebaseui:firebase-ui-auth:7.2.0] AndroidManifest.xml:96:27-75
195
196                <data
196-->[com.firebaseui:firebase-ui-auth:7.2.0] AndroidManifest.xml:98:17-81
197                    android:host="firebase.auth"
198                    android:path="/"
199                    android:scheme="recaptcha" />
199-->[com.firebaseui:firebase-ui-auth:7.2.0] AndroidManifest.xml:98:23-78
200            </intent-filter>
201        </activity>
202
203        <service
203-->[com.google.firebase:firebase-auth:21.0.1] AndroidManifest.xml:64:9-73:19
204            android:name="com.google.firebase.auth.api.fallback.service.FirebaseAuthFallbackService"
204-->[com.google.firebase:firebase-auth:21.0.1] AndroidManifest.xml:65:13-101
205            android:enabled="true"
205-->[com.google.firebase:firebase-auth:21.0.1] AndroidManifest.xml:66:13-35
206            android:exported="false" >
206-->[com.google.firebase:firebase-auth:21.0.1] AndroidManifest.xml:67:13-37
207            <intent-filter>
207-->[com.google.firebase:firebase-auth:21.0.1] AndroidManifest.xml:68:13-72:29
208                <action android:name="com.google.firebase.auth.api.gms.service.START" />
208-->[com.google.firebase:firebase-auth:21.0.1] AndroidManifest.xml:69:17-89
208-->[com.google.firebase:firebase-auth:21.0.1] AndroidManifest.xml:69:25-86
209
210                <category android:name="android.intent.category.DEFAULT" />
210-->[com.firebaseui:firebase-ui-auth:7.2.0] AndroidManifest.xml:95:17-76
210-->[com.firebaseui:firebase-ui-auth:7.2.0] AndroidManifest.xml:95:27-73
211            </intent-filter>
212        </service>
213        <service
213-->[com.google.firebase:firebase-auth:21.0.1] AndroidManifest.xml:74:9-80:19
214            android:name="com.google.firebase.components.ComponentDiscoveryService"
214-->[com.google.firebase:firebase-auth:21.0.1] AndroidManifest.xml:75:13-84
215            android:directBootAware="true"
215-->[com.google.firebase:firebase-common:20.0.0] AndroidManifest.xml:35:13-43
216            android:exported="false" >
216-->[com.google.firebase:firebase-auth:21.0.1] AndroidManifest.xml:76:13-37
217            <meta-data
217-->[com.google.firebase:firebase-auth:21.0.1] AndroidManifest.xml:77:13-79:85
218                android:name="com.google.firebase.components:com.google.firebase.auth.FirebaseAuthRegistrar"
218-->[com.google.firebase:firebase-auth:21.0.1] AndroidManifest.xml:78:17-109
219                android:value="com.google.firebase.components.ComponentRegistrar" />
219-->[com.google.firebase:firebase-auth:21.0.1] AndroidManifest.xml:79:17-82
220            <meta-data
220-->[com.google.android.gms:play-services-measurement-api:19.0.1] AndroidManifest.xml:30:13-32:85
221                android:name="com.google.firebase.components:com.google.firebase.analytics.connector.internal.AnalyticsConnectorRegistrar"
221-->[com.google.android.gms:play-services-measurement-api:19.0.1] AndroidManifest.xml:31:17-139
222                android:value="com.google.firebase.components.ComponentRegistrar" />
222-->[com.google.android.gms:play-services-measurement-api:19.0.1] AndroidManifest.xml:32:17-82
223            <meta-data
223-->[com.google.firebase:firebase-installations:17.0.0] AndroidManifest.xml:18:13-20:85
224                android:name="com.google.firebase.components:com.google.firebase.installations.FirebaseInstallationsRegistrar"
224-->[com.google.firebase:firebase-installations:17.0.0] AndroidManifest.xml:19:17-127
225                android:value="com.google.firebase.components.ComponentRegistrar" />
225-->[com.google.firebase:firebase-installations:17.0.0] AndroidManifest.xml:20:17-82
226        </service>
227
228        <provider
228-->[com.google.firebase:firebase-common:20.0.0] AndroidManifest.xml:26:9-31:39
229            android:name="com.google.firebase.provider.FirebaseInitProvider"
229-->[com.google.firebase:firebase-common:20.0.0] AndroidManifest.xml:27:13-77
230            android:authorities="com.example.wetok.firebaseinitprovider"
230-->[com.google.firebase:firebase-common:20.0.0] AndroidManifest.xml:28:13-72
231            android:directBootAware="true"
231-->[com.google.firebase:firebase-common:20.0.0] AndroidManifest.xml:29:13-43
232            android:exported="false"
232-->[com.google.firebase:firebase-common:20.0.0] AndroidManifest.xml:30:13-37
233            android:initOrder="100" /> <!-- Needs to be explicitly declared on P+ -->
233-->[com.google.firebase:firebase-common:20.0.0] AndroidManifest.xml:31:13-36
234        <uses-library
234-->[com.google.android.gms:play-services-maps:17.0.0] AndroidManifest.xml:33:9-35:40
235            android:name="org.apache.http.legacy"
235-->[com.google.android.gms:play-services-maps:17.0.0] AndroidManifest.xml:34:13-50
236            android:required="false" />
236-->[com.google.android.gms:play-services-maps:17.0.0] AndroidManifest.xml:35:13-37
237
238        <activity
238-->[com.google.android.gms:play-services-auth:19.0.0] AndroidManifest.xml:23:9-27:75
239            android:name="com.google.android.gms.auth.api.signin.internal.SignInHubActivity"
239-->[com.google.android.gms:play-services-auth:19.0.0] AndroidManifest.xml:24:13-93
240            android:excludeFromRecents="true"
240-->[com.google.android.gms:play-services-auth:19.0.0] AndroidManifest.xml:25:13-46
241            android:exported="false"
241-->[com.google.android.gms:play-services-auth:19.0.0] AndroidManifest.xml:26:13-37
242            android:theme="@android:style/Theme.Translucent.NoTitleBar" />
242-->[com.google.android.gms:play-services-auth:19.0.0] AndroidManifest.xml:27:13-72
243        <!--
244            Service handling Google Sign-In user revocation. For apps that do not integrate with
245            Google Sign-In, this service will never be started.
246        -->
247        <service
247-->[com.google.android.gms:play-services-auth:19.0.0] AndroidManifest.xml:33:9-37:51
248            android:name="com.google.android.gms.auth.api.signin.RevocationBoundService"
248-->[com.google.android.gms:play-services-auth:19.0.0] AndroidManifest.xml:34:13-89
249            android:exported="true"
249-->[com.google.android.gms:play-services-auth:19.0.0] AndroidManifest.xml:35:13-36
250            android:permission="com.google.android.gms.auth.api.signin.permission.REVOCATION_NOTIFICATION"
250-->[com.google.android.gms:play-services-auth:19.0.0] AndroidManifest.xml:36:13-107
251            android:visibleToInstantApps="true" />
251-->[com.google.android.gms:play-services-auth:19.0.0] AndroidManifest.xml:37:13-48
252
253        <activity
253-->[com.google.android.gms:play-services-base:17.2.1] AndroidManifest.xml:23:9-26:75
254            android:name="com.google.android.gms.common.api.GoogleApiActivity"
254-->[com.google.android.gms:play-services-base:17.2.1] AndroidManifest.xml:24:13-79
255            android:exported="false"
255-->[com.google.android.gms:play-services-base:17.2.1] AndroidManifest.xml:25:13-37
256            android:theme="@android:style/Theme.Translucent.NoTitleBar" />
256-->[com.google.android.gms:play-services-base:17.2.1] AndroidManifest.xml:26:13-72
257
258        <receiver
258-->[com.google.android.gms:play-services-measurement:19.0.1] AndroidManifest.xml:29:9-33:20
259            android:name="com.google.android.gms.measurement.AppMeasurementReceiver"
259-->[com.google.android.gms:play-services-measurement:19.0.1] AndroidManifest.xml:30:13-85
260            android:enabled="true"
260-->[com.google.android.gms:play-services-measurement:19.0.1] AndroidManifest.xml:31:13-35
261            android:exported="false" >
261-->[com.google.android.gms:play-services-measurement:19.0.1] AndroidManifest.xml:32:13-37
262        </receiver>
263
264        <service
264-->[com.google.android.gms:play-services-measurement:19.0.1] AndroidManifest.xml:35:9-38:40
265            android:name="com.google.android.gms.measurement.AppMeasurementService"
265-->[com.google.android.gms:play-services-measurement:19.0.1] AndroidManifest.xml:36:13-84
266            android:enabled="true"
266-->[com.google.android.gms:play-services-measurement:19.0.1] AndroidManifest.xml:37:13-35
267            android:exported="false" />
267-->[com.google.android.gms:play-services-measurement:19.0.1] AndroidManifest.xml:38:13-37
268        <service
268-->[com.google.android.gms:play-services-measurement:19.0.1] AndroidManifest.xml:39:9-43:72
269            android:name="com.google.android.gms.measurement.AppMeasurementJobService"
269-->[com.google.android.gms:play-services-measurement:19.0.1] AndroidManifest.xml:40:13-87
270            android:enabled="true"
270-->[com.google.android.gms:play-services-measurement:19.0.1] AndroidManifest.xml:41:13-35
271            android:exported="false"
271-->[com.google.android.gms:play-services-measurement:19.0.1] AndroidManifest.xml:42:13-37
272            android:permission="android.permission.BIND_JOB_SERVICE" />